games/android-game-2026-03-13/app/proguard-rules.pro
-keepclassmembers class com.flamedash.runner.game.** { *; }
-keep class androidx.compose.** { *; }