games/android-game-2026-03-13/app/build/outputs/mapping/release/seeds.txt
com.flamedash.runner.MainActivity
com.flamedash.runner.game.Gem: float y
com.flamedash.runner.game.GamePhase: com.flamedash.runner.game.GamePhase DEAD
com.flamedash.runner.game.Ember: float y
com.flamedash.runner.game.MenuScreenKt$MenuScreen$4: kotlin.jvm.functions.Function0 $onStartGame
com.flamedash.runner.game.GameState: float gameTime
com.flamedash.runner.game.Particle: float vx
com.flamedash.runner.game.GameState: boolean isDashing
com.flamedash.runner.game.Platform: boolean visible
com.flamedash.runner.game.Ember: int $stable
com.flamedash.runner.game.PlatformType: com.flamedash.runner.game.PlatformType CRUMBLING
com.flamedash.runner.game.GameRenderer: long flameOrange
com.flamedash.runner.game.Particle: float maxLife
com.flamedash.runner.game.GameLogic: float PLATFORM_MIN_WIDTH
com.flamedash.runner.game.GameState: com.flamedash.runner.game.DashDir playerFacing
com.flamedash.runner.game.GamePhase: com.flamedash.runner.game.GamePhase SCORE
com.flamedash.runner.game.DashDir: com.flamedash.runner.game.DashDir RIGHT
com.flamedash.runner.game.GameState: float lavaY
com.flamedash.runner.game.GameScreenKt$GameScreen$2: int label
com.flamedash.runner.game.GameScreenKt$GameScreen$2: android.content.Context $context
com.flamedash.runner.game.GameScreenKt$GameScreen$8: int $$changed
com.flamedash.runner.game.GameRenderer: long emberGlow
com.flamedash.runner.game.GameScreenKt$GameScreen$4$1: int label
com.flamedash.runner.game.GameRenderer: int $stable
com.flamedash.runner.game.GameLogic: float DASH_DURATION
com.flamedash.runner.game.PlatformType: com.flamedash.runner.game.PlatformType ICE
com.flamedash.runner.game.GameLogic: float PLATFORM_VERTICAL_GAP
com.flamedash.runner.game.MenuScreenKt$MenuScreen$1$1$1: androidx.compose.runtime.MutableFloatState $time$delegate
com.flamedash.runner.game.GameState: com.flamedash.runner.game.GamePhase phase
com.flamedash.runner.game.GameScreenKt$GameScreen$4$1: androidx.compose.runtime.MutableState $gameState$delegate
com.flamedash.runner.game.GameState: float cameraY
com.flamedash.runner.game.GameScreenKt$GameScreen$5$1: androidx.compose.runtime.MutableState $gameState$delegate
com.flamedash.runner.game.GameRenderer: long iceBlue
com.flamedash.runner.game.GameRenderer$WhenMappings: int[] $EnumSwitchMapping$1
com.flamedash.runner.game.GamePhase: com.flamedash.runner.game.GamePhase PLAYING
com.flamedash.runner.game.Particle: int colorIndex
com.flamedash.runner.game.Ember: float phase
com.flamedash.runner.game.MenuScreenKt$MenuScreen$1$1$1: kotlin.jvm.internal.Ref$LongRef $lastFrame
com.flamedash.runner.game.DashDir: kotlin.enums.EnumEntries $ENTRIES
com.flamedash.runner.game.GameLogic: float BOUNCY_JUMP
com.flamedash.runner.game.GameScreenKt$GameScreen$2: androidx.compose.runtime.MutableState $gameState$delegate
com.flamedash.runner.game.Ember: float alpha
com.flamedash.runner.game.GameState: float playerY
com.flamedash.runner.game.Particle: float x
com.flamedash.runner.game.GameScreenKt$GameScreen$8: kotlin.jvm.functions.Function0 $onBackToMenu
com.flamedash.runner.game.GameState: float screenShake
com.flamedash.runner.game.PlatformType: com.flamedash.runner.game.PlatformType NORMAL
com.flamedash.runner.game.GameLogic: float DASH_COOLDOWN
com.flamedash.runner.game.GameState: float lavaAcceleration
com.flamedash.runner.game.GameState: float playerVx
com.flamedash.runner.game.GemType: com.flamedash.runner.game.GemType AMETHYST
com.flamedash.runner.game.GameRenderer: long gemGreen
com.flamedash.runner.game.MenuScreenKt$MenuScreen$2$1$1: kotlin.jvm.functions.Function0 $onStartGame
com.flamedash.runner.game.Gem: float x
com.flamedash.runner.game.GameState: int bestScore
com.flamedash.runner.game.GameState: java.util.List particles
com.flamedash.runner.game.GameState: java.util.List platforms
com.flamedash.runner.game.GameState: float lavaBaseSpeed
com.flamedash.runner.game.GameLogic: float lastDt
com.flamedash.runner.game.GemType: com.flamedash.runner.game.GemType EMERALD
...
androidx.compose.foundation.interaction.FocusInteractionKt
androidx.compose.material3.DatePickerKt$DatePicker$4
androidx.compose.ui.text.font.TypefaceResult$Async
androidx.compose.foundation.interaction.PressInteractionKt
androidx.compose.material3.NavigationDrawerItemDefaults
androidx.compose.foundation.layout.DerivedWidthModifier$measure$2
androidx.compose.ui.platform.ViewCompositionStrategy$DisposeOnDetachedFromWindow
androidx.compose.foundation.gestures.Draggable2DElement
androidx.compose.foundation.gestures.AnchoredDraggableState$Companion$Saver$1
androidx.compose.animation.EnterExitTransitionModifierNode$measure$2
androidx.compose.foundation.pager.PagerStateKt$rememberPagerState$1$1
androidx.compose.ui.input.pointer.InternalPointerEvent
androidx.compose.material3.SnapFlingBehavior$fling$1
androidx.compose.material.icons.outlined.SearchKt
androidx.compose.material3.ActualJvmKt
androidx.compose.foundation.selection.ToggleableKt$toggleable$2
androidx.compose.runtime.internal.FunctionKeyMetaClass
androidx.compose.ui.input.pointer.PointerInteropFilter_androidKt$motionEventSpy$1
androidx.compose.foundation.layout.IntrinsicMeasureBlocks$HorizontalMinHeight$1
androidx.compose.foundation.gestures.Draggable2DKt$draggable2D$1
androidx.compose.material.icons.filled.CheckKt
androidx.compose.ui.platform.AccessibilityIterators$PageTextSegmentIterator
androidx.compose.foundation.pager.PagerSnapDistance$Companion
androidx.compose.runtime.Recomposer$performRecompose$1$1
androidx.compose.foundation.pager.PagerKt$pagerSemantics$1$4
androidx.compose.foundation.ImageKt$Image$$inlined$Layout$1
androidx.compose.runtime.external.kotlinx.collections.immutable.implementations.immutableList.TrieIterator
androidx.compose.ui.focus.FocusProperties$exit$1
androidx.compose.ui.text.font.PlatformFontLoader
androidx.compose.material3.TimePickerKt$TimeInputImpl$minuteValue$2$1
androidx.compose.animation.core.TwoWayConverter
androidx.compose.animation.EnterExitTransitionKt$createGraphicsLayerBlock$1$transformOrigin$2$WhenMappings
androidx.compose.foundation.text.BasicTextFieldKt$BasicTextField$3$1
androidx.compose.runtime.internal.ComposableLambdaImpl$invoke$14
androidx.compose.material3.NavigationDrawerKt$PermanentDrawerSheet$1$1
androidx.compose.foundation.text2.input.TextFieldLineLimits$Companion
androidx.compose.material3.tokens.FilledAutocompleteTokens
androidx.compose.material.icons.outlined.SettingsKt
androidx.compose.animation.core.RepeatMode
androidx.compose.runtime.snapshots.SnapshotMutableState
androidx.compose.material3.TextFieldKt$TextFieldLayout$2
androidx.compose.ui.text.platform.Synchronization_jvmKt
androidx.compose.material3.CardKt$OutlinedCard$3
androidx.compose.foundation.CombinedClickablePointerInputNode$pointerInput$4
androidx.compose.foundation.lazy.staggeredgrid.LazyStaggeredGridState$scrollToItem$2
androidx.compose.foundation.ClickableSemanticsElement
androidx.compose.animation.core.SuspendAnimationKt$animate$7
androidx.compose.material3.ListItemKt$ListItem$1
androidx.core.app.RemoteActionCompat
androidx.compose.runtime.BitwiseOperatorsKt
androidx.compose.material3.NavigationRailKt
androidx.compose.foundation.layout.WindowInsetsNestedScrollConnection$onReady$1
androidx.compose.runtime.external.kotlinx.collections.immutable.implementations.immutableList.BufferIterator
androidx.compose.runtime.external.kotlinx.collections.immutable.implementations.immutableMap.PersistentHashMapBuilderValues
androidx.compose.foundation.Clickable_androidKt
androidx.compose.ui.platform.GlobalSnapshotManager$ensureStarted$2
androidx.compose.material3.Typography
androidx.compose.runtime.external.kotlinx.collections.immutable.implementations.immutableSet.PersistentHashSetIterator
androidx.compose.material3.SearchBarKt$SearchBar$7
androidx.compose.ui.autofill.AutofillCallback
androidx.compose.ui.graphics.ImageBitmap$DefaultImpls
androidx.compose.material3.ProgressIndicatorDefaults
androidx.compose.foundation.text2.BasicSecureTextFieldKt$DisableCutCopy$1$1