games/android-game-2026-03-13/app/build/outputs/mapping/release/mapping.txt
# compiler: R8
# compiler_version: 8.2.47
# min_api: 24
# common_typos_disable
# {"id":"com.android.tools.r8.mapping","version":"2.2"}
# pg_map_id: e5e0e7e
# pg_map_hash: SHA-256 e5e0e7efbd024a0c96f306661471c768786ab3f83e032c3194bf731867341cd9
com.flamedash.runner.ComposableSingletons$MainActivityKt -> i0.c:
# {"id":"sourceFile","fileName":"MainActivity.kt"}
    kotlin.jvm.functions.Function2 lambda-1 -> a
      # {"id":"com.android.tools.r8.residualsignature","signature":"Landroidx/compose/runtime/internal/ComposableLambda;"}
    1:1:void <clinit>():0:0 -> <clinit>
com.flamedash.runner.ComposableSingletons$MainActivityKt$lambda-1$1 -> i0.b:
# {"id":"sourceFile","fileName":"MainActivity.kt"}
    com.flamedash.runner.ComposableSingletons$MainActivityKt$lambda-1$1 INSTANCE -> e
      # {"id":"com.android.tools.r8.residualsignature","signature":"Li0/b;"}
    4:9:void com.flamedash.runner.ComposableSingletons$MainActivityKt$lambda-1$1.<init>():0:0 -> <clinit>
    4:9:void <clinit>():0 -> <clinit>
    14:93:void com.flamedash.runner.ComposableSingletons$MainActivityKt$lambda-1$1.invoke(androidx.compose.runtime.Composer,int):0:0 -> invoke
    14:93:java.lang.Object invoke(java.lang.Object,java.lang.Object):0 -> invoke
    94:97:java.lang.Object invoke(java.lang.Object,java.lang.Object):0:0 -> invoke
      # {"id":"com.android.tools.r8.outlineCallsite","positions":{"1":298,"5":300,"9":303},"outline":"Landroidx/compose/animation/a;l(Landroidx/compose/ui/Alignment$Companion;ZLandroidx/compose/runtime/Composer;II)Landroidx/compose/ui/layout/MeasurePolicy;"}
    98:184:void com.flamedash.runner.ComposableSingletons$MainActivityKt$lambda-1$1.invoke(androidx.compose.runtime.Composer,int):0:0 -> invoke
    98:184:java.lang.Object invoke(java.lang.Object,java.lang.Object):0 -> invoke
    185:187:java.lang.Object invoke(java.lang.Object,java.lang.Object):0:0 -> invoke
com.flamedash.runner.ComposableSingletons$MainActivityKt$lambda-1$1$1$1$1 -> i0.a:
# {"id":"sourceFile","fileName":"MainActivity.kt"}
    int $r8$classId -> e
      # {"id":"com.android.tools.r8.synthesized"}
    androidx.compose.runtime.MutableState $playing$delegate -> f
    6:9:void com.flamedash.runner.ComposableSingletons$MainActivityKt$lambda-1$1$1$1$1.<init>(androidx.compose.runtime.MutableState):0:0 -> <init>
    6:9:void $r8$init$synthetic(androidx.compose.runtime.MutableState,int):0 -> <init>
      # {"id":"com.android.tools.r8.synthesized"}
    15:20:void com.flamedash.runner.ComposableSingletons$MainActivityKt$lambda-1$1.invoke$lambda$2(androidx.compose.runtime.MutableState,boolean):0:0 -> invoke
    15:20:void com.flamedash.runner.ComposableSingletons$MainActivityKt$lambda-1$1.access$invoke$lambda$2(androidx.compose.runtime.MutableState,boolean):0 -> invoke
    15:20:void com.flamedash.runner.ComposableSingletons$MainActivityKt$lambda-1$1$1$2$1.invoke():0 -> invoke
    15:20:java.lang.Object com.flamedash.runner.ComposableSingletons$MainActivityKt$lambda-1$1$1$2$1.invoke():0 -> invoke
    15:20:java.lang.Object invoke$bridge():0 -> invoke
      # {"id":"com.android.tools.r8.synthesized"}
    21:29:void com.flamedash.runner.ComposableSingletons$MainActivityKt$lambda-1$1.invoke$lambda$2(androidx.compose.runtime.MutableState,boolean):0:0 -> invoke
com.flamedash.runner.ComposableSingletons$MainActivityKt$lambda-1$1$1$2$1 -> R8$$REMOVED$$CLASS$$119:
# {"id":"sourceFile","fileName":"MainActivity.kt"}
...
androidx.compose.ui.layout.LookaheadScopeKt$LookaheadScope$2$2$1 -> androidx.compose.ui.layout.LookaheadScopeKt$LookaheadScope$2$2$1:
# {"id":"sourceFile","fileName":"LookaheadScope.kt"}
    1:1:androidx.compose.ui.layout.LayoutCoordinates invoke():0:0 -> invoke
    2:2:java.lang.Object invoke():0:0 -> invoke
androidx.compose.ui.layout.LookaheadScopeKt$LookaheadScope$4 -> androidx.compose.ui.layout.LookaheadScopeKt$LookaheadScope$4:
# {"id":"sourceFile","fileName":"LookaheadScope.kt"}
    kotlin.jvm.functions.Function3 $content -> $content
      # {"id":"com.android.tools.r8.residualsignature","signature":"Lt0/f;"}
    1:1:void <init>(kotlin.jvm.functions.Function3,int):0:0 -> <init>
      # {"id":"com.android.tools.r8.residualsignature","signature":"(Lt0/f;I)V"}
    1:1:java.lang.Object invoke(java.lang.Object,java.lang.Object):0:0 -> invoke
    2:2:void invoke(androidx.compose.runtime.Composer,int):0:0 -> invoke
androidx.compose.ui.layout.Measurable -> androidx.compose.ui.layout.Measurable:
# {"id":"sourceFile","fileName":"Measurable.kt"}
androidx.compose.ui.layout.MeasurePolicy -> androidx.compose.ui.layout.MeasurePolicy:
# {"id":"sourceFile","fileName":"MeasurePolicy.kt"}
androidx.compose.ui.layout.MeasurePolicy$DefaultImpls -> androidx.compose.ui.layout.MeasurePolicy$DefaultImpls:
# {"id":"sourceFile","fileName":"MeasurePolicy.kt"}
androidx.compose.ui.layout.MeasureResult -> androidx.compose.ui.layout.MeasureResult:
# {"id":"sourceFile","fileName":"MeasureResult.kt"}
androidx.compose.ui.layout.MeasureScope -> androidx.compose.ui.layout.MeasureScope:
# {"id":"sourceFile","fileName":"MeasureScope.kt"}
    1:1:androidx.compose.ui.layout.MeasureResult access$layout$jd(androidx.compose.ui.layout.MeasureScope,int,int,java.util.Map,kotlin.jvm.functions.Function1):0:0 -> access$layout$jd
      # {"id":"com.android.tools.r8.residualsignature","signature":"(Landroidx/compose/ui/layout/MeasureScope;IILjava/util/Map;Lt0/c;)Landroidx/compose/ui/layout/MeasureResult;"}
    1:1:float access$toDp-u2uoSUM$jd(androidx.compose.ui.layout.MeasureScope,float):0:0 -> access$toDp-u2uoSUM$jd
    2:2:float access$toDp-u2uoSUM$jd(androidx.compose.ui.layout.MeasureScope,int):0:0 -> access$toDp-u2uoSUM$jd
    1:1:long access$toSp-kPz2Gy4$jd(androidx.compose.ui.layout.MeasureScope,float):0:0 -> access$toSp-kPz2Gy4$jd
    2:2:long access$toSp-kPz2Gy4$jd(androidx.compose.ui.layout.MeasureScope,int):0:0 -> access$toSp-kPz2Gy4$jd
    1:1:androidx.compose.ui.layout.MeasureResult layout(int,int,java.util.Map,kotlin.jvm.functions.Function1):0:0 -> layout
      # {"id":"com.android.tools.r8.residualsignature","signature":"(IILjava/util/Map;Lt0/c;)Landroidx/compose/ui/layout/MeasureResult;"}
    1:1:androidx.compose.ui.layout.MeasureResult layout$default(androidx.compose.ui.layout.MeasureScope,int,int,java.util.Map,kotlin.jvm.functions.Function1,int,java.lang.Object):0:0 -> layout$default