games/android-game-2026-03-13/app/build/outputs/mapping/release/usage.txt
com.flamedash.runner.MainActivity:
    public static final int $stable
com.flamedash.runner.R$color
com.flamedash.runner.R$drawable
com.flamedash.runner.R$mipmap
com.flamedash.runner.R$string
com.flamedash.runner.R$style
com.flamedash.runner.R
com.flamedash.runner.ComposableSingletons$MainActivityKt$lambda-1$1$1$1$1:
    public final void invoke()
com.flamedash.runner.ComposableSingletons$MainActivityKt$lambda-1$1$1$2$1
com.flamedash.runner.ComposableSingletons$MainActivityKt$lambda-1$1:
    public static final void access$invoke$lambda$2(androidx.compose.runtime.MutableState,boolean)
    public final void invoke(androidx.compose.runtime.Composer,int)
com.flamedash.runner.ComposableSingletons$MainActivityKt:
    public static final com.flamedash.runner.ComposableSingletons$MainActivityKt INSTANCE
    public static kotlin.jvm.functions.Function2 getLambda-1$app_release()
com.flamedash.runner.MainActivity:
    static void <clinit>()
com.flamedash.runner.game.Ember:
    static void <clinit>()
com.flamedash.runner.game.GameState:
    static void <clinit>()
com.flamedash.runner.game.Gem:
    static void <clinit>()
com.flamedash.runner.game.Particle:
    static void <clinit>()
com.flamedash.runner.game.Platform:
    static void <clinit>()
...
kotlin.contracts.ConditionalEffect
kotlin.contracts.ContractBuilder$DefaultImpls
kotlin.contracts.ContractBuilder
kotlin.contracts.ContractBuilderKt
kotlin.contracts.Effect
kotlin.contracts.ExperimentalContracts
kotlin.contracts.InvocationKind
kotlin.contracts.Returns
kotlin.contracts.ReturnsNotNull
kotlin.contracts.SimpleEffect
kotlin.coroutines.CombinedContext$Serialized$Companion
kotlin.coroutines.CombinedContext$Serialized
kotlin.coroutines.CombinedContext$writeReplace$1
kotlin.coroutines.CombinedContext:
    private final java.lang.Object writeReplace()
kotlin.coroutines.ContinuationInterceptor$DefaultImpls:
    public static java.lang.Object fold(kotlin.coroutines.ContinuationInterceptor,java.lang.Object,kotlin.jvm.functions.Function2)
    public static kotlin.coroutines.CoroutineContext plus(kotlin.coroutines.ContinuationInterceptor,kotlin.coroutines.CoroutineContext)
    public static void releaseInterceptedContinuation(kotlin.coroutines.ContinuationInterceptor,kotlin.coroutines.Continuation)
kotlin.coroutines.ContinuationInterceptor:
    public abstract kotlin.coroutines.CoroutineContext$Element get(kotlin.coroutines.CoroutineContext$Key)
    public abstract kotlin.coroutines.CoroutineContext minusKey(kotlin.coroutines.CoroutineContext$Key)
kotlin.coroutines.ContinuationKt$Continuation$1
kotlin.coroutines.ContinuationKt:
    private static final kotlin.coroutines.Continuation Continuation(kotlin.coroutines.CoroutineContext,kotlin.jvm.functions.Function1)
    public static final kotlin.coroutines.Continuation createCoroutine(kotlin.jvm.functions.Function1,kotlin.coroutines.Continuation)
    private static final kotlin.coroutines.CoroutineContext getCoroutineContext()
    public static synthetic void getCoroutineContext$annotations()
    private static final void resume(kotlin.coroutines.Continuation,java.lang.Object)
    private static final void resumeWithException(kotlin.coroutines.Continuation,java.lang.Throwable)
    public static final void startCoroutine(kotlin.jvm.functions.Function1,kotlin.coroutines.Continuation)
    private static final java.lang.Object suspendCoroutine(kotlin.jvm.functions.Function1,kotlin.coroutines.Continuation)
kotlin.coroutines.CoroutineContext$Element:
    public abstract java.lang.Object fold(java.lang.Object,kotlin.jvm.functions.Function2)
    public abstract kotlin.coroutines.CoroutineContext minusKey(kotlin.coroutines.CoroutineContext$Key)
kotlin.coroutines.CoroutineContextImplKt
kotlin.coroutines.EmptyCoroutineContext:
    private static final long serialVersionUID
    private final java.lang.Object readResolve()
kotlin.coroutines.RestrictsSuspension
kotlin.coroutines.SafeContinuation$Companion:
    private static synthetic void getRESULT$annotations()
kotlin.coroutines.cancellation.CancellationExceptionKt
kotlin.coroutines.intrinsics.CoroutineSingletons:
    public static kotlin.enums.EnumEntries getEntries()
kotlin.coroutines.intrinsics.IntrinsicsKt:
    private void <init>()
kotlin.coroutines.intrinsics.IntrinsicsKt__IntrinsicsJvmKt$createCoroutineFromSuspendFunction$1
kotlin.coroutines.intrinsics.IntrinsicsKt__IntrinsicsJvmKt$createCoroutineFromSuspendFunction$2
kotlin.coroutines.intrinsics.IntrinsicsKt__IntrinsicsJvmKt$createCoroutineUnintercepted$$inlined$createCoroutineFromSuspendFunction$IntrinsicsKt__IntrinsicsJvmKt$1
kotlin.coroutines.intrinsics.IntrinsicsKt__IntrinsicsJvmKt$createCoroutineUnintercepted$$inlined$createCoroutineFromSuspendFunction$IntrinsicsKt__IntrinsicsJvmKt$2
kotlin.coroutines.intrinsics.IntrinsicsKt__IntrinsicsJvmKt$createSimpleCoroutineForSuspendFunction$1
kotlin.coroutines.intrinsics.IntrinsicsKt__IntrinsicsJvmKt$createSimpleCoroutineForSuspendFunction$2